<?xml version="1.0" encoding="UTF-8"?>
<!-- Generated by org.testng.reporters.JUnitReportReporter -->
<testsuite hostname="Computer" name="com.Amazon.SignUp" tests="1" failures="0" timestamp="27 Apr 2015 06:38:53 GMT" time="20.628" errors="0">
  <testcase name="signin" time="20.628" classname="com.Amazon.SignUp"/>
</testsuite> <!-- com.Amazon.SignUp -->
