<?xml version="1.0" encoding="UTF-8"?>
<!-- Generated by org.testng.reporters.JUnitReportReporter -->
<testsuite hostname="Computer" name="com.Amazon.SignUp" tests="1" failures="0" timestamp="24 Apr 2015 17:27:49 GMT" time="19.134" errors="0">
  <testcase name="signin" time="19.134" classname="com.Amazon.SignUp"/>
</testsuite> <!-- com.Amazon.SignUp -->
