<?xml version="1.0" encoding="UTF-8"?>
<!-- Generated by org.testng.reporters.JUnitReportReporter -->
<testsuite hostname="Computer" name="Home" tests="1" failures="0" timestamp="30 Apr 2015 07:43:00 GMT" time="62.843" errors="0">
  <testcase name="homepage" time="62.843" classname="Home"/>
</testsuite> <!-- Home -->
