<?xml version="1.0" encoding="UTF-8"?>
<!-- Generated by org.testng.reporters.JUnitReportReporter -->
<testsuite hostname="Computer" name="Home" tests="1" failures="0" timestamp="27 Apr 2015 06:38:30 GMT" time="35.719" errors="0">
  <testcase name="homepage" time="35.719" classname="Home"/>
</testsuite> <!-- Home -->
