<?xml version="1.0" encoding="UTF-8"?>
<!-- Generated by org.testng.reporters.JUnitReportReporter -->
<testsuite hostname="Computer" name="Home" tests="1" failures="0" timestamp="24 Apr 2015 17:27:28 GMT" time="23.625" errors="0">
  <testcase name="homepage" time="23.625" classname="Home"/>
</testsuite> <!-- Home -->
